0 info it worked if it ends with ok
1 verbose cli [ 'node',
1 verbose cli   '/usr/local/bin/npm',
1 verbose cli   'install',
1 verbose cli   'bootstrap-datepicker' ]
2 info using npm@1.4.28
3 info using node@v0.10.33
4 warn package.json simple-plot@0.0.0 No repository field.
5 verbose readDependencies using package.json deps
6 verbose cache add [ 'bootstrap-datepicker', null ]
7 verbose cache add name=undefined spec="bootstrap-datepicker" args=["bootstrap-datepicker",null]
8 verbose parsed url { protocol: null,
8 verbose parsed url   slashes: null,
8 verbose parsed url   auth: null,
8 verbose parsed url   host: null,
8 verbose parsed url   port: null,
8 verbose parsed url   hostname: null,
8 verbose parsed url   hash: null,
8 verbose parsed url   search: null,
8 verbose parsed url   query: null,
8 verbose parsed url   pathname: 'bootstrap-datepicker',
8 verbose parsed url   path: 'bootstrap-datepicker',
8 verbose parsed url   href: 'bootstrap-datepicker' }
9 silly lockFile ed0422c5-bootstrap-datepicker bootstrap-datepicker
10 verbose lock bootstrap-datepicker /Users/granthobbs/.npm/ed0422c5-bootstrap-datepicker.lock
11 silly lockFile ed0422c5-bootstrap-datepicker bootstrap-datepicker
12 silly lockFile ed0422c5-bootstrap-datepicker bootstrap-datepicker
13 verbose addNamed [ 'bootstrap-datepicker', '' ]
14 verbose addNamed [ null, '*' ]
15 silly lockFile 0c760054-bootstrap-datepicker bootstrap-datepicker@
16 verbose lock bootstrap-datepicker@ /Users/granthobbs/.npm/0c760054-bootstrap-datepicker.lock
17 silly addNameRange { name: 'bootstrap-datepicker', range: '*', hasData: false }
18 verbose request where is /bootstrap-datepicker
19 verbose request registry http://registry.npmjs.org/
20 verbose request id 411c16d2c4e460ec
21 verbose url raw /bootstrap-datepicker
22 verbose url resolving [ 'http://registry.npmjs.org/', './bootstrap-datepicker' ]
23 verbose url resolved http://registry.npmjs.org/bootstrap-datepicker
24 verbose request where is http://registry.npmjs.org/bootstrap-datepicker
25 info trying registry request attempt 1 at 20:41:05
26 http GET http://registry.npmjs.org/bootstrap-datepicker
27 http 404 http://registry.npmjs.org/bootstrap-datepicker
28 verbose headers { server: 'CouchDB/1.5.0 (Erlang OTP/R16B03)',
28 verbose headers   'content-type': 'application/json',
28 verbose headers   'cache-control': 'max-age=0',
28 verbose headers   'content-length': '52',
28 verbose headers   'accept-ranges': 'bytes',
28 verbose headers   date: 'Mon, 29 Dec 2014 02:41:06 GMT',
28 verbose headers   via: '1.1 varnish',
28 verbose headers   age: '0',
28 verbose headers   connection: 'keep-alive',
28 verbose headers   'x-served-by': 'cache-ord1727-ORD',
28 verbose headers   'x-cache': 'MISS',
28 verbose headers   'x-cache-hits': '0',
28 verbose headers   'x-timer': 'S1419820865.765406,VS0,VE278' }
29 silly registry.get cb [ 404,
29 silly registry.get   { server: 'CouchDB/1.5.0 (Erlang OTP/R16B03)',
29 silly registry.get     'content-type': 'application/json',
29 silly registry.get     'cache-control': 'max-age=0',
29 silly registry.get     'content-length': '52',
29 silly registry.get     'accept-ranges': 'bytes',
29 silly registry.get     date: 'Mon, 29 Dec 2014 02:41:06 GMT',
29 silly registry.get     via: '1.1 varnish',
29 silly registry.get     age: '0',
29 silly registry.get     connection: 'keep-alive',
29 silly registry.get     'x-served-by': 'cache-ord1727-ORD',
29 silly registry.get     'x-cache': 'MISS',
29 silly registry.get     'x-cache-hits': '0',
29 silly registry.get     'x-timer': 'S1419820865.765406,VS0,VE278' } ]
30 silly lockFile 0c760054-bootstrap-datepicker bootstrap-datepicker@
31 silly lockFile 0c760054-bootstrap-datepicker bootstrap-datepicker@
32 error 404 404 Not Found: bootstrap-datepicker
32 error 404
32 error 404 'bootstrap-datepicker' is not in the npm registry.
32 error 404 You should bug the author to publish it
32 error 404 It was specified as a dependency of 'simple-plot'
32 error 404
32 error 404 Note that you can also install from a
32 error 404 tarball, folder, or http url, or git url.
33 error System Darwin 14.0.0
34 error command "node" "/usr/local/bin/npm" "install" "bootstrap-datepicker"
35 error cwd /Users/granthobbs/Developer/qplot
36 error node -v v0.10.33
37 error npm -v 1.4.28
38 error code E404
39 verbose exit [ 1, true ]
